<?xml version="1.0" encoding="UTF-8"?>
<testng-results skipped="0" failed="0" ignored="0" total="1" passed="1">
  <reporter-output>
  </reporter-output>
  <suite name="Tests" duration-ms="13311" started-at="2017-05-28T11:46:21Z" finished-at="2017-05-28T11:46:34Z">
    <groups>
    </groups>
    <test name="Test1" duration-ms="13311" started-at="2017-05-28T11:46:21Z" finished-at="2017-05-28T11:46:34Z">
      <class name="seleniumGroup.FirstTest">
        <test-method status="PASS" signature="setUp()[pri:0, instance:seleniumGroup.FirstTest@42d3bd8b]" name="setUp" is-config="true" duration-ms="4249" started-at="2017-05-28T14:46:21Z" finished-at="2017-05-28T14:46:25Z">
          <reporter-output>
          </reporter-output>
        </test-method> <!-- setUp -->
        <test-method status="PASS" signature="firstTest()[pri:0, instance:seleniumGroup.FirstTest@42d3bd8b]" name="firstTest" duration-ms="7862" started-at="2017-05-28T14:46:25Z" finished-at="2017-05-28T14:46:33Z">
          <reporter-output>
          </reporter-output>
        </test-method> <!-- firstTest -->
        <test-method status="PASS" signature="tearDown()[pri:0, instance:seleniumGroup.FirstTest@42d3bd8b]" name="tearDown" is-config="true" duration-ms="1162" started-at="2017-05-28T14:46:33Z" finished-at="2017-05-28T14:46:34Z">
          <reporter-output>
          </reporter-output>
        </test-method> <!-- tearDown -->
      </class> <!-- seleniumGroup.FirstTest -->
    </test> <!-- Test1 -->
  </suite> <!-- Tests -->
</testng-results>
