<?xml version="1.0" encoding="UTF-8"?>
<testng-results skipped="0" failed="0" ignored="0" total="1" passed="1">
  <reporter-output>
  </reporter-output>
  <suite name="Tests" duration-ms="16160" started-at="2017-05-28T20:07:16Z" finished-at="2017-05-28T20:07:32Z">
    <groups>
    </groups>
    <test name="Test1" duration-ms="16160" started-at="2017-05-28T20:07:16Z" finished-at="2017-05-28T20:07:32Z">
      <class name="seleniumGroup.FirstTest">
        <test-method status="PASS" signature="setUp()[pri:0, instance:seleniumGroup.FirstTest@42d3bd8b]" name="setUp" is-config="true" duration-ms="6760" started-at="2017-05-28T23:07:16Z" finished-at="2017-05-28T23:07:23Z">
          <reporter-output>
          </reporter-output>
        </test-method> <!-- setUp -->
        <test-method status="PASS" signature="firstTest()[pri:0, instance:seleniumGroup.FirstTest@42d3bd8b]" name="firstTest" duration-ms="8013" started-at="2017-05-28T23:07:23Z" finished-at="2017-05-28T23:07:31Z">
          <reporter-output>
          </reporter-output>
        </test-method> <!-- firstTest -->
        <test-method status="PASS" signature="tearDown()[pri:0, instance:seleniumGroup.FirstTest@42d3bd8b]" name="tearDown" is-config="true" duration-ms="1348" started-at="2017-05-28T23:07:31Z" finished-at="2017-05-28T23:07:32Z">
          <reporter-output>
          </reporter-output>
        </test-method> <!-- tearDown -->
      </class> <!-- seleniumGroup.FirstTest -->
    </test> <!-- Test1 -->
  </suite> <!-- Tests -->
</testng-results>
